mode: set
github.com/happylifetaka/dojo4/kadai2/happylifetaka/imgconv/imgconv.go:39.84,41.28 2 1
github.com/happylifetaka/dojo4/kadai2/happylifetaka/imgconv/imgconv.go:44.2,44.71 1 1
github.com/happylifetaka/dojo4/kadai2/happylifetaka/imgconv/imgconv.go:47.2,47.65 1 1
github.com/happylifetaka/dojo4/kadai2/happylifetaka/imgconv/imgconv.go:50.2,53.12 4 1
github.com/happylifetaka/dojo4/kadai2/happylifetaka/imgconv/imgconv.go:41.28,43.3 1 1
github.com/happylifetaka/dojo4/kadai2/happylifetaka/imgconv/imgconv.go:44.71,46.3 1 1
github.com/happylifetaka/dojo4/kadai2/happylifetaka/imgconv/imgconv.go:47.65,49.3 1 1
github.com/happylifetaka/dojo4/kadai2/happylifetaka/imgconv/imgconv.go:61.63,63.26 2 1
github.com/happylifetaka/dojo4/kadai2/happylifetaka/imgconv/imgconv.go:66.2,66.40 1 1
github.com/happylifetaka/dojo4/kadai2/happylifetaka/imgconv/imgconv.go:70.2,70.81 1 1
github.com/happylifetaka/dojo4/kadai2/happylifetaka/imgconv/imgconv.go:92.2,92.16 1 1
github.com/happylifetaka/dojo4/kadai2/happylifetaka/imgconv/imgconv.go:63.26,65.3 1 1
github.com/happylifetaka/dojo4/kadai2/happylifetaka/imgconv/imgconv.go:66.40,68.3 1 1
github.com/happylifetaka/dojo4/kadai2/happylifetaka/imgconv/imgconv.go:70.81,71.17 1 1
github.com/happylifetaka/dojo4/kadai2/happylifetaka/imgconv/imgconv.go:74.3,74.20 1 1
github.com/happylifetaka/dojo4/kadai2/happylifetaka/imgconv/imgconv.go:90.3,90.13 1 1
github.com/happylifetaka/dojo4/kadai2/happylifetaka/imgconv/imgconv.go:71.17,73.4 1 0
github.com/happylifetaka/dojo4/kadai2/happylifetaka/imgconv/imgconv.go:74.20,77.44 3 1
github.com/happylifetaka/dojo4/kadai2/happylifetaka/imgconv/imgconv.go:77.44,83.23 6 1
github.com/happylifetaka/dojo4/kadai2/happylifetaka/imgconv/imgconv.go:83.23,85.6 1 1
github.com/happylifetaka/dojo4/kadai2/happylifetaka/imgconv/imgconv.go:85.11,87.6 1 1
github.com/happylifetaka/dojo4/kadai2/happylifetaka/imgconv/imgconv.go:97.59,98.70 1 1
github.com/happylifetaka/dojo4/kadai2/happylifetaka/imgconv/imgconv.go:101.2,101.46 1 1
github.com/happylifetaka/dojo4/kadai2/happylifetaka/imgconv/imgconv.go:104.2,104.46 1 1
github.com/happylifetaka/dojo4/kadai2/happylifetaka/imgconv/imgconv.go:107.2,107.14 1 1
github.com/happylifetaka/dojo4/kadai2/happylifetaka/imgconv/imgconv.go:98.70,100.3 1 1
github.com/happylifetaka/dojo4/kadai2/happylifetaka/imgconv/imgconv.go:101.46,103.3 1 1
github.com/happylifetaka/dojo4/kadai2/happylifetaka/imgconv/imgconv.go:104.46,106.3 1 1
github.com/happylifetaka/dojo4/kadai2/happylifetaka/imgconv/imgconv.go:112.50,114.16 2 1
github.com/happylifetaka/dojo4/kadai2/happylifetaka/imgconv/imgconv.go:117.2,120.16 3 1
github.com/happylifetaka/dojo4/kadai2/happylifetaka/imgconv/imgconv.go:124.2,125.16 2 1
github.com/happylifetaka/dojo4/kadai2/happylifetaka/imgconv/imgconv.go:128.2,131.27 3 1
github.com/happylifetaka/dojo4/kadai2/happylifetaka/imgconv/imgconv.go:140.2,140.19 1 1
github.com/happylifetaka/dojo4/kadai2/happylifetaka/imgconv/imgconv.go:143.2,143.12 1 1
github.com/happylifetaka/dojo4/kadai2/happylifetaka/imgconv/imgconv.go:114.16,116.3 1 1
github.com/happylifetaka/dojo4/kadai2/happylifetaka/imgconv/imgconv.go:120.16,122.3 1 1
github.com/happylifetaka/dojo4/kadai2/happylifetaka/imgconv/imgconv.go:125.16,127.3 1 1
github.com/happylifetaka/dojo4/kadai2/happylifetaka/imgconv/imgconv.go:131.27,134.3 2 1
github.com/happylifetaka/dojo4/kadai2/happylifetaka/imgconv/imgconv.go:134.8,134.34 1 1
github.com/happylifetaka/dojo4/kadai2/happylifetaka/imgconv/imgconv.go:134.34,136.3 1 1
github.com/happylifetaka/dojo4/kadai2/happylifetaka/imgconv/imgconv.go:136.8,136.34 1 1
github.com/happylifetaka/dojo4/kadai2/happylifetaka/imgconv/imgconv.go:136.34,139.3 2 1
github.com/happylifetaka/dojo4/kadai2/happylifetaka/imgconv/imgconv.go:140.19,142.3 1 0
